3.77029299736 	CPU%:  0.1 	MEM%:  32
13.7501699924 	CPU%:  0.1 	MEM%:  32
23.7845978737 	CPU%:  0.1 	MEM%:  32
33.7891039848 	CPU%:  0.1 	MEM%:  32
43.80001688 	CPU%:  0.1 	MEM%:  32
53.7508938313 	CPU%:  0.1 	MEM%:  32
63.8369739056 	CPU%:  0.1 	MEM%:  32
73.8212580681 	CPU%:  0.1 	MEM%:  32
83.9238488674 	CPU%:  0.1 	MEM%:  32
93.9054298401 	CPU%:  0.1 	MEM%:  32
103.777351856 	CPU%:  0.1 	MEM%:  32
113.948318958 	CPU%:  0.1 	MEM%:  32
123.823082924 	CPU%:  0.1 	MEM%:  32
133.748471975 	CPU%:  0.1 	MEM%:  32
143.781023026 	CPU%:  0.1 	MEM%:  32
153.990442038 	CPU%:  0.1 	MEM%:  32
164.238781929 	CPU%:  0.1 	MEM%:  32
174.12400794 	CPU%:  0.1 	MEM%:  32
184.061975002 	CPU%:  0.1 	MEM%:  32
193.783978939 	CPU%:  0.1 	MEM%:  32
203.96567297 	CPU%:  0.1 	MEM%:  32
213.961178064 	CPU%:  0.1 	MEM%:  32
223.973019838 	CPU%:  0.1 	MEM%:  32
234.103590965 	CPU%:  0.1 	MEM%:  32
243.752620935 	CPU%:  0.1 	MEM%:  32
253.78975606 	CPU%:  0.1 	MEM%:  32
264.018770933 	CPU%:  0.1 	MEM%:  32
274.031414986 	CPU%:  0.1 	MEM%:  32
283.785341978 	CPU%:  0.1 	MEM%:  32
293.781864882 	CPU%:  0.1 	MEM%:  32
