3.87395596504 	CPU%:  0.1 	MEM%:  32
14.0029830933 	CPU%:  0.1 	MEM%:  32
15.0093319416 	N is 40

real    3m12.136s
user    3m5.344s
sys     0m0.044s

25.0638320446 	CPU%:  99.7 	MEM%:  27
34.3458909988 	CPU%:  99.8 	MEM%:  27
43.9036641121 	CPU%:  99.6 	MEM%:  27
53.9584550858 	CPU%:  99.7 	MEM%:  27
63.8052270412 	CPU%:  99.7 	MEM%:  27
73.8158681393 	CPU%:  99.7 	MEM%:  27
84.2257289886 	CPU%:  98.7 	MEM%:  27
94.2589790821 	CPU%:  99.7 	MEM%:  27
103.835909128 	CPU%:  99.9 	MEM%:  27
114.191326141 	CPU%:  99.7 	MEM%:  27
123.943719149 	CPU%:  99.7 	MEM%:  27
133.788020134 	CPU%:  99.7 	MEM%:  27
143.864233971 	CPU%:  99.8 	MEM%:  27
153.943176031 	CPU%:  99.7 	MEM%:  27
163.994637012 	CPU%:  99.7 	MEM%:  27
174.560538054 	CPU%:  99.6 	MEM%:  27
184.09642005 	CPU%:  99.7 	MEM%:  27
194.439058065 	CPU%:  98.7 	MEM%:  27
204.016355038 	CPU%:  99.5 	MEM%:  27
213.823233128 	CPU%:  0.1 	MEM%:  32
223.80766201 	CPU%:  0.1 	MEM%:  32
233.783082962 	CPU%:  0.1 	MEM%:  32
243.910620928 	CPU%:  0.1 	MEM%:  32
253.801331043 	CPU%:  0.1 	MEM%:  32
263.919831038 	CPU%:  0.1 	MEM%:  32
273.780239105 	CPU%:  0.1 	MEM%:  32
283.920891047 	CPU%:  0.1 	MEM%:  32
293.954936981 	CPU%:  0.1 	MEM%:  32
