3.79809308052   CPU%:  0.1      Free Mem (MB):  32
13.8875200748   CPU%:  0.1      Free Mem (MB):  32
15.0076861382   N is 10
24.7367241383   CPU%:  99.7     Free Mem (MB):  27
34.2333509922   CPU%:  99.7     Free Mem (MB):  27
44.8408432007   CPU%:  99.7     Free Mem (MB):  27
54.6706171036   CPU%:  99.6     Free Mem (MB):  27

real    0m47.611s
user    0m46.191s
sys     0m0.036s
63.9467802048   CPU%:  99.7     Free Mem (MB):  32
74.3951530457   CPU%:  0.1      Free Mem (MB):  32
83.84425807     CPU%:  0.1      Free Mem (MB):  32
94.0051760674   CPU%:  0.1      Free Mem (MB):  32
103.792278051   CPU%:  0.1      Free Mem (MB):  32
113.839336157   CPU%:  0.1      Free Mem (MB):  32
123.785258055   CPU%:  0.1      Free Mem (MB):  32
133.827678204   CPU%:  0.1      Free Mem (MB):  32
144.332842112   CPU%:  0.1      Free Mem (MB):  32
154.572579145   CPU%:  0.1      Free Mem (MB):  32
164.099258184   CPU%:  0.1      Free Mem (MB):  32
174.124778986   CPU%:  0.1      Free Mem (MB):  32
183.792167187   CPU%:  0.1      Free Mem (MB):  32
194.375648022   CPU%:  0.1      Free Mem (MB):  32
203.788021088   CPU%:  0.1      Free Mem (MB):  32
213.784555197   CPU%:  0.1      Free Mem (MB):  32
223.788208008   CPU%:  0.1      Free Mem (MB):  32
234.387079      CPU%:  0.1      Free Mem (MB):  32
244.359857082   CPU%:  0.1      Free Mem (MB):  32
253.833490133   CPU%:  0.1      Free Mem (MB):  32
263.895126104   CPU%:  0.1      Free Mem (MB):  32
273.784301043   CPU%:  0.1      Free Mem (MB):  32
283.809118032   CPU%:  0.1      Free Mem (MB):  32
293.786077023   CPU%:  0.1      Free Mem (MB):  32
315.010709047   N is 20
334.090958118   CPU%:  99.7     Free Mem (MB):  27
343.937783003   CPU%:  99.7     Free Mem (MB):  27
354.004678011   CPU%:  99.5     Free Mem (MB):  27
364.31529808    CPU%:  99.9     Free Mem (MB):  27
374.095797062   CPU%:  99.7     Free Mem (MB):  27
383.8089571     CPU%:  99.6     Free Mem (MB):  27
394.055711985   CPU%:  99.8     Free Mem (MB):  27
403.919515133   CPU%:  99.3     Free Mem (MB):  27

real    1m35.238s
user    1m32.198s
sys     0m0.048s
413.801928997   CPU%:  28.2     Free Mem (MB):  32
423.912294149   CPU%:  0.1      Free Mem (MB):  32
433.750920057   CPU%:  0.1      Free Mem (MB):  32
444.242916107   CPU%:  0.1      Free Mem (MB):  32
453.993866205   CPU%:  0.1      Free Mem (MB):  32
463.826381207   CPU%:  0.1      Free Mem (MB):  32
473.791594028   CPU%:  0.1      Free Mem (MB):  32
483.817265987   CPU%:  0.1      Free Mem (MB):  32
493.782862186   CPU%:  0.1      Free Mem (MB):  32
503.854818106   CPU%:  0.1      Free Mem (MB):  32
513.784216166   CPU%:  0.1      Free Mem (MB):  32
523.831620216   CPU%:  0.1      Free Mem (MB):  32
533.857113123   CPU%:  0.1      Free Mem (MB):  32
543.826488018   CPU%:  0.1      Free Mem (MB):  32
553.754951      CPU%:  0.1      Free Mem (MB):  32
563.948775053   CPU%:  0.1      Free Mem (MB):  32
573.968418121   CPU%:  0.1      Free Mem (MB):  32
584.021180153   CPU%:  0.1      Free Mem (MB):  32
593.998157024   CPU%:  0.1      Free Mem (MB):  32
603.877757072   CPU%:  0.1      Free Mem (MB):  32
613.979189157   CPU%:  0.1      Free Mem (MB):  32
615.021424055   N is 30
624.89679718    CPU%:  99.8     Free Mem (MB):  27
664.253035069   CPU%:  99.7     Free Mem (MB):  27
673.816966057   CPU%:  99.7     Free Mem (MB):  27
683.885106087   CPU%:  99.7     Free Mem (MB):  27
694.172137022   CPU%:  99.7     Free Mem (MB):  27
704.000138998   CPU%:  99.7     Free Mem (MB):  27
714.538915157   CPU%:  99.7     Free Mem (MB):  27
724.817816019   CPU%:  99.7     Free Mem (MB):  27
734.3781991     CPU%:  99.7     Free Mem (MB):  27
744.173650026   CPU%:  99.8     Free Mem (MB):  27
753.798233032   CPU%:  99.7     Free Mem (MB):  27

real    2m22.263s
user    2m18.409s
sys     0m0.060s
763.849694014   CPU%:  0.1      Free Mem (MB):  32
773.789415121   CPU%:  0.1      Free Mem (MB):  32
784.014249086   CPU%:  0.1      Free Mem (MB):  32
794.29770112    CPU%:  0.1      Free Mem (MB):  32
803.82319212    CPU%:  0.1      Free Mem (MB):  32
813.781311035   CPU%:  0.1      Free Mem (MB):  32
823.779935122   CPU%:  0.1      Free Mem (MB):  32
834.749770164   CPU%:  0.1      Free Mem (MB):  32
843.833389997   CPU%:  0.1      Free Mem (MB):  32
853.821031094   CPU%:  0.1      Free Mem (MB):  32
864.055639982   CPU%:  0.1      Free Mem (MB):  32
873.859069109   CPU%:  0.1      Free Mem (MB):  32
883.90241313    CPU%:  0.1      Free Mem (MB):  32
893.817115068   CPU%:  0.1      Free Mem (MB):  32
903.804824114   CPU%:  0.1      Free Mem (MB):  32
913.938194036   CPU%:  0.1      Free Mem (MB):  32
915.008661032   N is 40
924.865731001   CPU%:  99.7     Free Mem (MB):  27
934.454658031   CPU%:  99.7     Free Mem (MB):  27
943.79186821    CPU%:  99.7     Free Mem (MB):  27
954.114700079   CPU%:  99.6     Free Mem (MB):  27
994.198443174   CPU%:  99.8     Free Mem (MB):  27
1004.05619502   CPU%:  99.1     Free Mem (MB):  27
1013.97656202   CPU%:  99.7     Free Mem (MB):  27
1023.92263317   CPU%:  99.7     Free Mem (MB):  27
1034.49425411   CPU%:  99.7     Free Mem (MB):  27
1044.28859806   CPU%:  99.7     Free Mem (MB):  27
1054.10452199   CPU%:  99.8     Free Mem (MB):  27
1063.93545818   CPU%:  99.2     Free Mem (MB):  27
1073.99083114   CPU%:  99.8     Free Mem (MB):  27
1084.55387521   CPU%:  99.9     Free Mem (MB):  27
1094.11284113   CPU%:  99.8     Free Mem (MB):  27
1104.16076303   CPU%:  99.9     Free Mem (MB):  27

real    3m10.283s
user    3m4.540s
sys     0m0.060s
1113.78529406   CPU%:  0.1      Free Mem (MB):  32
1123.78509212   CPU%:  0.1      Free Mem (MB):  32
1133.90575099   CPU%:  0.1      Free Mem (MB):  32
1143.78076315   CPU%:  0.1      Free Mem (MB):  32
1153.7784462    CPU%:  0.1      Free Mem (MB):  32
1163.79113507   CPU%:  0.1      Free Mem (MB):  32
1173.8249011    CPU%:  0.1      Free Mem (MB):  32
1184.16968107   CPU%:  0.1      Free Mem (MB):  32
1193.78419113   CPU%:  0.1      Free Mem (MB):  32
1204.05757618   CPU%:  0.1      Free Mem (MB):  32
1213.81900001   CPU%:  0.1      Free Mem (MB):  32
1215.29904819   N is 50
1224.60643721   CPU%:  99.7     Free Mem (MB):  27
1234.18040705   CPU%:  99.8     Free Mem (MB):  27
1244.00520015   CPU%:  99.7     Free Mem (MB):  27
1254.0219841    CPU%:  99.6     Free Mem (MB):  27
1264.38237214   CPU%:  99.7     Free Mem (MB):  27
1274.19884014   CPU%:  99.7     Free Mem (MB):  27
1283.98829699   CPU%:  99.7     Free Mem (MB):  27
1323.79032302   CPU%:  99.7     Free Mem (MB):  27
1333.90397406   CPU%:  99.7     Free Mem (MB):  27
1344.46774721   CPU%:  99.8     Free Mem (MB):  27
1354.013659     CPU%:  99.7     Free Mem (MB):  27
1364.07129717   CPU%:  99.6     Free Mem (MB):  27
1373.87681508   CPU%:  99.6     Free Mem (MB):  27
1384.423738     CPU%:  99.8     Free Mem (MB):  27
1394.21270299   CPU%:  99.7     Free Mem (MB):  27
1404.50360799   CPU%:  99.6     Free Mem (MB):  27
1413.81043315   CPU%:  99.7     Free Mem (MB):  27
1423.79197407   CPU%:  99.8     Free Mem (MB):  27
1433.99559808   CPU%:  99.7     Free Mem (MB):  27
1444.29419112   CPU%:  99.7     Free Mem (MB):  27

real    3m57.972s
user    3m50.710s
sys     0m0.052s
1454.10305119   CPU%:  99.8     Free Mem (MB):  31
1463.78201699   CPU%:  0.1      Free Mem (MB):  32
1473.82635021   CPU%:  0.1      Free Mem (MB):  32
1483.75951815   CPU%:  0.1      Free Mem (MB):  32
1493.78621507   CPU%:  0.1      Free Mem (MB):  32
1504.00086904   CPU%:  0.1      Free Mem (MB):  32
1513.96175313   CPU%:  0.1      Free Mem (MB):  32
1523.75341511   CPU%:  0.1      Free Mem (MB):  32
1533.794415     CPU%:  0.1      Free Mem (MB):  32
1543.97719908   CPU%:  0.1      Free Mem (MB):  32
1553.75053406   CPU%:  0.1      Free Mem (MB):  32
1563.9738152    CPU%:  0.1      Free Mem (MB):  32
1574.04178119   CPU%:  0.1      Free Mem (MB):  32
1584.027951     CPU%:  0.1      Free Mem (MB):  32
1593.7523241    CPU%:  0.1      Free Mem (MB):  32
1603.75508118   CPU%:  1.5      Free Mem (MB):  32
1613.85361409   CPU%:  0.1      Free Mem (MB):  32
